<?xml version="1.0" encoding="UTF-8"?>
<!-- Generated by org.testng.reporters.JUnitReportReporter -->
<testsuite hostname="DESKTOP-VV6NH12" failures="0" tests="2" name="testcase.TestCase01" time="85.622" errors="0" timestamp="2024-08-31T17:56:13 IST" skipped="0">
  <testcase classname="testcase.TestCase01" name="Test_In_Chrome" time="40.637"/>
  <system-out/>
  <testcase classname="testcase.TestCase01" name="Test_In_Firefox" time="44.985"/>
  <system-out/>
</testsuite> <!-- testcase.TestCase01 -->
